Sunday, 19 June 2022 - 20:38:57 GMTST
Sunday, 19 June 2022 - 20:49:17 GMTST
Sunday, 19 June 2022 - 20:49:24 GMTST
Sunday, 19 June 2022 - 22:00:01 GMTST
Monday, 20 June 2022 - 10:17:16 GMTST
Monday, 20 June 2022 - 14:12:13 GMTST
Monday, 20 June 2022 - 16:00:02 GMTST
Monday, 20 June 2022 - 18:36:34 GMTST
Monday, 20 June 2022 - 20:00:03 GMTST
Monday, 20 June 2022 - 22:00:02 GMTST
Tuesday, 21 June 2022 - 12:00:03 GMTST
Tuesday, 21 June 2022 - 14:00:02 GMTST
Tuesday, 21 June 2022 - 16:00:02 GMTST
Tuesday, 21 June 2022 - 18:00:02 GMTST
Tuesday, 21 June 2022 - 20:00:02 GMTST
Tuesday, 21 June 2022 - 22:00:03 GMTST
Wednesday, 22 June 2022 - 12:58:26 GMTST
Wednesday, 22 June 2022 - 14:00:03 GMTST
Wednesday, 22 June 2022 - 17:53:37 GMTST
Wednesday, 22 June 2022 - 18:00:02 GMTST
Wednesday, 22 June 2022 - 20:00:04 GMTST
Wednesday, 22 June 2022 - 22:00:02 GMTST
Thursday, 23 June 2022 - 12:00:02 GMTST
Thursday, 23 June 2022 - 14:00:03 GMTST
Thursday, 23 June 2022 - 16:00:03 GMTST
Thursday, 23 June 2022 - 18:00:02 GMTST
Thursday, 23 June 2022 - 19:30:43 GMTST
Thursday, 23 June 2022 - 19:35:26 GMTST
Thursday, 23 June 2022 - 20:18:25 UTC
Thursday, 23 June 2022 - 23:09:31 IST
Thursday, 23 June 2022 - 23:24:17 IST
Friday, 24 June 2022 - 12:07:56 IST
Friday, 24 June 2022 - 12:08:01 IST
Friday, 24 June 2022 - 12:09:01 IST
Friday, 24 June 2022 - 12:10:01 IST
Friday, 24 June 2022 - 12:11:01 IST
Friday, 24 June 2022 - 12:12:01 IST
Friday, 24 June 2022 - 12:12:07 IST
Friday, 24 June 2022 - 12:30:01 IST
Friday, 24 June 2022 - 13:00:01 IST
Friday, 24 June 2022 - 13:30:01 IST
Friday, 24 June 2022 - 14:00:01 IST
Friday, 24 June 2022 - 14:30:01 IST
Friday, 24 June 2022 - 15:00:01 IST
Friday, 24 June 2022 - 15:30:01 IST
Friday, 24 June 2022 - 16:00:01 IST
Friday, 24 June 2022 - 16:30:01 IST
Friday, 24 June 2022 - 17:00:01 IST
Friday, 24 June 2022 - 17:30:01 IST
Friday, 24 June 2022 - 18:00:01 IST
Friday, 24 June 2022 - 18:30:01 IST
Friday, 24 June 2022 - 19:00:01 IST
Friday, 24 June 2022 - 19:30:01 IST
Friday, 24 June 2022 - 20:00:01 IST
Friday, 24 June 2022 - 20:30:01 IST
Friday, 24 June 2022 - 21:00:01 IST
Friday, 24 June 2022 - 21:30:01 IST
Friday, 24 June 2022 - 22:00:01 IST
Friday, 24 June 2022 - 22:30:01 IST
Friday, 24 June 2022 - 23:00:01 IST
Friday, 24 June 2022 - 23:30:01 IST
Saturday, 25 June 2022 - 00:00:01 IST
Saturday, 25 June 2022 - 00:30:01 IST
Saturday, 25 June 2022 - 01:00:02 IST
Saturday, 25 June 2022 - 01:30:01 IST
Saturday, 25 June 2022 - 02:00:01 IST
Saturday, 25 June 2022 - 02:30:01 IST
Saturday, 25 June 2022 - 03:00:01 IST
Saturday, 25 June 2022 - 03:30:01 IST
Saturday, 25 June 2022 - 04:00:01 IST
Saturday, 25 June 2022 - 04:30:01 IST
Saturday, 25 June 2022 - 05:00:01 IST
Saturday, 25 June 2022 - 05:30:01 IST
Saturday, 25 June 2022 - 06:00:01 IST
Saturday, 25 June 2022 - 06:30:01 IST
Saturday, 25 June 2022 - 07:00:01 IST
Saturday, 25 June 2022 - 07:30:01 IST
Saturday, 25 June 2022 - 08:00:01 IST
Saturday, 25 June 2022 - 08:30:01 IST
Saturday, 25 June 2022 - 09:00:01 IST
Saturday, 25 June 2022 - 09:30:01 IST
Saturday, 25 June 2022 - 10:00:01 IST
Saturday, 25 June 2022 - 10:30:01 IST
Saturday, 25 June 2022 - 11:00:01 IST
Saturday, 25 June 2022 - 11:30:01 IST
Saturday, 25 June 2022 - 12:00:01 IST
Saturday, 25 June 2022 - 12:30:01 IST
Saturday, 25 June 2022 - 13:00:01 IST
Saturday, 25 June 2022 - 13:30:01 IST
Saturday, 25 June 2022 - 14:00:01 IST
Saturday, 25 June 2022 - 14:30:01 IST
Saturday, 25 June 2022 - 15:00:01 IST
Saturday, 25 June 2022 - 15:30:01 IST
Saturday, 25 June 2022 - 16:00:01 IST
Saturday, 25 June 2022 - 16:30:01 IST
Saturday, 25 June 2022 - 17:00:01 IST
Saturday, 25 June 2022 - 17:30:01 IST
Saturday, 25 June 2022 - 18:00:01 IST
Saturday, 25 June 2022 - 18:30:01 IST
Saturday, 25 June 2022 - 19:00:01 IST
Saturday, 25 June 2022 - 19:30:01 IST
Saturday, 25 June 2022 - 20:00:01 IST
Saturday, 25 June 2022 - 20:30:01 IST
Saturday, 25 June 2022 - 21:00:01 IST
Saturday, 25 June 2022 - 21:30:01 IST
Saturday, 25 June 2022 - 22:00:01 IST
Saturday, 25 June 2022 - 22:30:01 IST
Saturday, 25 June 2022 - 23:00:01 IST
Saturday, 25 June 2022 - 23:30:01 IST
Sunday, 26 June 2022 - 00:00:01 IST
Sunday, 26 June 2022 - 00:30:01 IST
Sunday, 26 June 2022 - 01:00:01 IST
Sunday, 26 June 2022 - 01:30:01 IST
Sunday, 26 June 2022 - 02:00:01 IST
Sunday, 26 June 2022 - 02:30:01 IST
Sunday, 26 June 2022 - 03:00:01 IST
Sunday, 26 June 2022 - 03:30:01 IST
Sunday, 26 June 2022 - 04:00:01 IST
Sunday, 26 June 2022 - 04:30:01 IST
Sunday, 26 June 2022 - 05:00:01 IST
Sunday, 26 June 2022 - 05:30:01 IST
Sunday, 26 June 2022 - 06:00:01 IST
Sunday, 26 June 2022 - 06:30:01 IST
Sunday, 26 June 2022 - 07:00:01 IST
Sunday, 26 June 2022 - 07:30:01 IST
Sunday, 26 June 2022 - 08:00:01 IST
Sunday, 26 June 2022 - 08:30:01 IST
Sunday, 26 June 2022 - 09:00:01 IST
Sunday, 26 June 2022 - 09:30:01 IST
Sunday, 26 June 2022 - 10:00:01 IST
Sunday, 26 June 2022 - 10:30:02 IST
Sunday, 26 June 2022 - 11:00:01 IST
Sunday, 26 June 2022 - 11:30:01 IST
Sunday, 26 June 2022 - 12:00:01 IST
Sunday, 26 June 2022 - 12:30:01 IST
Sunday, 26 June 2022 - 13:00:01 IST
Sunday, 26 June 2022 - 13:30:01 IST
Sunday, 26 June 2022 - 14:00:01 IST
Sunday, 26 June 2022 - 14:30:01 IST
Sunday, 26 June 2022 - 15:00:01 IST
Sunday, 26 June 2022 - 15:30:01 IST
Sunday, 26 June 2022 - 16:00:01 IST
Sunday, 26 June 2022 - 16:30:01 IST
Sunday, 26 June 2022 - 17:00:01 IST
Sunday, 26 June 2022 - 17:30:01 IST
Sunday, 26 June 2022 - 18:00:01 IST
Sunday, 26 June 2022 - 18:30:01 IST
Sunday, 26 June 2022 - 19:00:01 IST
Sunday, 26 June 2022 - 19:30:01 IST
Sunday, 26 June 2022 - 20:00:01 IST
Sunday, 26 June 2022 - 20:30:01 IST
Sunday, 26 June 2022 - 21:00:01 IST
Sunday, 26 June 2022 - 21:30:01 IST
Sunday, 26 June 2022 - 22:00:01 IST
Sunday, 26 June 2022 - 22:30:01 IST
Sunday, 26 June 2022 - 23:00:01 IST
Sunday, 26 June 2022 - 23:30:01 IST
Monday, 27 June 2022 - 00:00:01 IST
Monday, 27 June 2022 - 00:30:01 IST
Monday, 27 June 2022 - 01:00:01 IST
Monday, 27 June 2022 - 01:30:01 IST
Monday, 27 June 2022 - 02:00:01 IST
Monday, 27 June 2022 - 02:30:01 IST
Monday, 27 June 2022 - 03:00:01 IST
Monday, 27 June 2022 - 03:30:01 IST
Monday, 27 June 2022 - 04:00:01 IST
Monday, 27 June 2022 - 04:30:01 IST
Monday, 27 June 2022 - 05:00:01 IST
Monday, 27 June 2022 - 05:30:01 IST
Monday, 27 June 2022 - 06:00:01 IST
Monday, 27 June 2022 - 06:30:01 IST
Monday, 27 June 2022 - 07:00:01 IST
Monday, 27 June 2022 - 07:30:01 IST
Monday, 27 June 2022 - 08:00:01 IST
Monday, 27 June 2022 - 08:30:01 IST
Monday, 27 June 2022 - 09:00:01 IST
Monday, 27 June 2022 - 09:30:01 IST
Monday, 27 June 2022 - 10:00:01 IST
Monday, 27 June 2022 - 10:30:01 IST
Monday, 27 June 2022 - 11:00:01 IST
Monday, 27 June 2022 - 11:30:01 IST
Monday, 27 June 2022 - 12:00:01 IST
Monday, 27 June 2022 - 12:30:01 IST
Monday, 27 June 2022 - 13:00:01 IST
Monday, 27 June 2022 - 13:30:01 IST
Monday, 27 June 2022 - 14:00:01 IST
Monday, 27 June 2022 - 14:30:01 IST
Monday, 27 June 2022 - 15:00:01 IST
Monday, 27 June 2022 - 15:30:01 IST
Monday, 27 June 2022 - 16:00:01 IST
Monday, 27 June 2022 - 16:30:01 IST
Monday, 27 June 2022 - 17:00:01 IST
Monday, 27 June 2022 - 17:30:01 IST
Monday, 27 June 2022 - 18:00:01 IST
Monday, 27 June 2022 - 18:30:01 IST
Monday, 27 June 2022 - 19:00:01 IST
Monday, 27 June 2022 - 19:30:01 IST
Monday, 27 June 2022 - 20:00:01 IST
Monday, 27 June 2022 - 20:30:01 IST
Monday, 27 June 2022 - 21:00:01 IST
Monday, 27 June 2022 - 21:30:01 IST
Monday, 27 June 2022 - 22:00:01 IST
Monday, 27 June 2022 - 22:30:01 IST
Monday, 27 June 2022 - 23:00:01 IST
Monday, 27 June 2022 - 23:30:01 IST
Tuesday, 28 June 2022 - 00:00:01 IST
Tuesday, 28 June 2022 - 00:30:01 IST
Tuesday, 28 June 2022 - 01:00:01 IST
Tuesday, 28 June 2022 - 01:30:01 IST
Tuesday, 28 June 2022 - 02:00:01 IST
Tuesday, 28 June 2022 - 02:30:01 IST
Tuesday, 28 June 2022 - 03:00:01 IST
Tuesday, 28 June 2022 - 03:30:01 IST
Tuesday, 28 June 2022 - 04:00:01 IST
Tuesday, 28 June 2022 - 04:30:01 IST
Tuesday, 28 June 2022 - 05:00:01 IST
Tuesday, 28 June 2022 - 05:30:01 IST
Tuesday, 28 June 2022 - 06:00:01 IST
Tuesday, 28 June 2022 - 06:30:02 IST
Tuesday, 28 June 2022 - 07:00:01 IST
Tuesday, 28 June 2022 - 07:30:01 IST
Tuesday, 28 June 2022 - 08:00:01 IST
Tuesday, 28 June 2022 - 08:30:01 IST
Tuesday, 28 June 2022 - 09:00:01 IST
Tuesday, 28 June 2022 - 09:30:01 IST
Tuesday, 28 June 2022 - 10:00:01 IST
Tuesday, 28 June 2022 - 10:30:01 IST
Tuesday, 28 June 2022 - 11:00:01 IST
Tuesday, 28 June 2022 - 11:30:01 IST
Tuesday, 28 June 2022 - 12:00:01 IST
Tuesday, 28 June 2022 - 12:30:01 IST
Tuesday, 28 June 2022 - 13:00:01 IST
Tuesday, 28 June 2022 - 13:30:01 IST
Tuesday, 28 June 2022 - 14:00:01 IST
Tuesday, 28 June 2022 - 14:30:01 IST
Tuesday, 28 June 2022 - 15:00:01 IST
Tuesday, 28 June 2022 - 15:30:01 IST
Tuesday, 28 June 2022 - 16:00:01 IST
Tuesday, 28 June 2022 - 16:30:01 IST
Tuesday, 28 June 2022 - 17:00:01 IST
Tuesday, 28 June 2022 - 17:30:01 IST
Tuesday, 28 June 2022 - 18:00:01 IST
Tuesday, 28 June 2022 - 18:30:01 IST
Tuesday, 28 June 2022 - 19:00:01 IST
Tuesday, 28 June 2022 - 19:30:02 IST
Tuesday, 28 June 2022 - 20:00:01 IST
Tuesday, 28 June 2022 - 20:30:01 IST
Tuesday, 28 June 2022 - 21:00:01 IST
Tuesday, 28 June 2022 - 21:30:01 IST
Tuesday, 28 June 2022 - 22:00:01 IST
Tuesday, 28 June 2022 - 22:30:01 IST
Tuesday, 28 June 2022 - 23:00:01 IST
Tuesday, 28 June 2022 - 23:30:01 IST
Wednesday, 29 June 2022 - 00:00:01 IST
Wednesday, 29 June 2022 - 00:30:01 IST
Wednesday, 29 June 2022 - 01:00:01 IST
Wednesday, 29 June 2022 - 01:30:01 IST
Wednesday, 29 June 2022 - 02:00:01 IST
Wednesday, 29 June 2022 - 02:30:01 IST
Wednesday, 29 June 2022 - 03:00:01 IST
Wednesday, 29 June 2022 - 03:30:01 IST
Wednesday, 29 June 2022 - 04:00:01 IST
Wednesday, 29 June 2022 - 04:30:01 IST
Wednesday, 29 June 2022 - 05:00:01 IST
Wednesday, 29 June 2022 - 05:30:01 IST
Wednesday, 29 June 2022 - 06:00:01 IST
Wednesday, 29 June 2022 - 06:30:01 IST
Wednesday, 29 June 2022 - 07:00:01 IST
Wednesday, 29 June 2022 - 07:30:01 IST
Wednesday, 29 June 2022 - 08:00:01 IST
Wednesday, 29 June 2022 - 08:30:01 IST
Wednesday, 29 June 2022 - 09:00:01 IST
Wednesday, 29 June 2022 - 09:30:01 IST
Wednesday, 29 June 2022 - 10:00:01 IST
Wednesday, 29 June 2022 - 10:30:01 IST
Wednesday, 29 June 2022 - 11:00:01 IST
Wednesday, 29 June 2022 - 11:30:01 IST
Wednesday, 29 June 2022 - 12:00:01 IST
Wednesday, 29 June 2022 - 12:30:01 IST
Wednesday, 29 June 2022 - 13:00:01 IST
Wednesday, 29 June 2022 - 13:30:01 IST
Wednesday, 29 June 2022 - 14:00:01 IST
Wednesday, 29 June 2022 - 14:30:01 IST
Wednesday, 29 June 2022 - 15:00:01 IST
Wednesday, 29 June 2022 - 15:30:01 IST
Wednesday, 29 June 2022 - 16:00:01 IST
Wednesday, 29 June 2022 - 16:30:01 IST
Wednesday, 29 June 2022 - 17:00:01 IST
Wednesday, 29 June 2022 - 17:30:01 IST
Wednesday, 29 June 2022 - 18:00:01 IST
Wednesday, 29 June 2022 - 18:30:01 IST
Wednesday, 29 June 2022 - 19:00:01 IST
Wednesday, 29 June 2022 - 19:30:01 IST
Wednesday, 29 June 2022 - 20:00:01 IST
Wednesday, 29 June 2022 - 20:30:01 IST
Wednesday, 29 June 2022 - 21:00:01 IST
Wednesday, 29 June 2022 - 21:30:01 IST
Wednesday, 29 June 2022 - 22:00:01 IST
Wednesday, 29 June 2022 - 22:30:01 IST
Wednesday, 29 June 2022 - 23:00:01 IST
Wednesday, 29 June 2022 - 23:30:01 IST
Thursday, 30 June 2022 - 00:00:01 IST
Thursday, 30 June 2022 - 00:30:01 IST
Thursday, 30 June 2022 - 01:00:01 IST
Thursday, 30 June 2022 - 01:30:01 IST
Thursday, 30 June 2022 - 02:00:01 IST
Thursday, 30 June 2022 - 02:30:01 IST
Thursday, 30 June 2022 - 03:00:01 IST
Thursday, 30 June 2022 - 03:30:01 IST
Thursday, 30 June 2022 - 04:00:01 IST
Thursday, 30 June 2022 - 04:30:01 IST
Thursday, 30 June 2022 - 05:00:01 IST
Thursday, 30 June 2022 - 05:30:01 IST
Thursday, 30 June 2022 - 06:00:01 IST
Thursday, 30 June 2022 - 06:30:01 IST
Thursday, 30 June 2022 - 07:00:01 IST
Thursday, 30 June 2022 - 07:30:01 IST
Thursday, 30 June 2022 - 08:00:01 IST
Thursday, 30 June 2022 - 08:30:01 IST
Thursday, 30 June 2022 - 09:00:01 IST
Thursday, 30 June 2022 - 09:30:01 IST
Thursday, 30 June 2022 - 10:00:01 IST
Thursday, 30 June 2022 - 10:30:01 IST
Thursday, 30 June 2022 - 11:00:01 IST
Thursday, 30 June 2022 - 11:30:01 IST
Thursday, 30 June 2022 - 12:00:01 IST
Thursday, 30 June 2022 - 12:30:01 IST
Thursday, 30 June 2022 - 13:00:01 IST
Thursday, 30 June 2022 - 13:30:01 IST
Thursday, 30 June 2022 - 14:00:01 IST
Thursday, 30 June 2022 - 14:30:01 IST
Thursday, 30 June 2022 - 15:00:01 IST
Thursday, 30 June 2022 - 15:30:01 IST
Thursday, 30 June 2022 - 16:00:01 IST
Thursday, 30 June 2022 - 16:30:01 IST
Thursday, 30 June 2022 - 17:00:01 IST
Thursday, 30 June 2022 - 17:30:01 IST
Thursday, 30 June 2022 - 18:00:01 IST
Thursday, 30 June 2022 - 18:30:01 IST
Thursday, 30 June 2022 - 19:00:01 IST
Thursday, 30 June 2022 - 19:30:01 IST
Thursday, 30 June 2022 - 20:00:01 IST
Thursday, 30 June 2022 - 20:30:01 IST
Thursday, 30 June 2022 - 21:00:01 IST
Thursday, 30 June 2022 - 21:30:02 IST
Thursday, 30 June 2022 - 22:00:01 IST
Thursday, 30 June 2022 - 22:30:01 IST
Thursday, 30 June 2022 - 23:00:01 IST
Thursday, 30 June 2022 - 23:30:01 IST
Friday, 01 July 2022 - 00:00:01 IST
Friday, 01 July 2022 - 00:30:01 IST
Friday, 01 July 2022 - 01:00:01 IST
Friday, 01 July 2022 - 01:30:01 IST
Friday, 01 July 2022 - 02:00:01 IST
Friday, 01 July 2022 - 02:30:01 IST
Friday, 01 July 2022 - 03:00:01 IST
Friday, 01 July 2022 - 03:30:01 IST
Friday, 01 July 2022 - 04:00:01 IST
Friday, 01 July 2022 - 04:30:01 IST
Friday, 01 July 2022 - 05:00:01 IST
Friday, 01 July 2022 - 05:30:01 IST
Friday, 01 July 2022 - 06:00:01 IST
Friday, 01 July 2022 - 06:30:01 IST
Friday, 01 July 2022 - 07:00:01 IST
Friday, 01 July 2022 - 07:30:01 IST
Friday, 01 July 2022 - 08:00:02 IST
Friday, 01 July 2022 - 08:30:01 IST
Friday, 01 July 2022 - 09:00:01 IST
Friday, 01 July 2022 - 09:30:01 IST
Friday, 01 July 2022 - 10:00:01 IST
Friday, 01 July 2022 - 10:30:01 IST
Friday, 01 July 2022 - 11:00:01 IST
Friday, 01 July 2022 - 11:30:01 IST
Friday, 01 July 2022 - 12:00:01 IST
Friday, 01 July 2022 - 12:30:01 IST
Friday, 01 July 2022 - 13:00:01 IST
Friday, 01 July 2022 - 13:30:01 IST
Friday, 01 July 2022 - 14:00:01 IST
Friday, 01 July 2022 - 14:30:01 IST
Friday, 01 July 2022 - 15:00:01 IST
Friday, 01 July 2022 - 15:30:01 IST
Friday, 01 July 2022 - 16:00:01 IST
Friday, 01 July 2022 - 16:30:01 IST
Friday, 01 July 2022 - 17:00:01 IST
Friday, 01 July 2022 - 17:30:01 IST
Friday, 01 July 2022 - 18:00:01 IST
Friday, 01 July 2022 - 18:30:01 IST
Friday, 01 July 2022 - 19:00:01 IST
Friday, 01 July 2022 - 19:30:01 IST
Friday, 01 July 2022 - 20:00:01 IST
Friday, 01 July 2022 - 20:30:01 IST
Friday, 01 July 2022 - 21:00:01 IST
Friday, 01 July 2022 - 21:30:01 IST
Friday, 01 July 2022 - 22:00:01 IST
Friday, 01 July 2022 - 22:30:01 IST
Friday, 01 July 2022 - 23:00:01 IST
Friday, 01 July 2022 - 23:30:01 IST
Saturday, 02 July 2022 - 00:00:01 IST
Saturday, 02 July 2022 - 00:30:01 IST
Saturday, 02 July 2022 - 01:00:01 IST
Saturday, 02 July 2022 - 01:30:01 IST
Saturday, 02 July 2022 - 02:00:01 IST
Saturday, 02 July 2022 - 02:30:01 IST
Saturday, 02 July 2022 - 03:00:01 IST
Saturday, 02 July 2022 - 03:30:01 IST
Saturday, 02 July 2022 - 04:00:01 IST
Saturday, 02 July 2022 - 04:30:01 IST
Saturday, 02 July 2022 - 05:00:01 IST
Saturday, 02 July 2022 - 05:30:01 IST
Saturday, 02 July 2022 - 06:00:01 IST
Saturday, 02 July 2022 - 06:30:01 IST
Saturday, 02 July 2022 - 07:00:01 IST
Saturday, 02 July 2022 - 07:30:01 IST
Saturday, 02 July 2022 - 08:00:01 IST
Saturday, 02 July 2022 - 08:30:01 IST
Saturday, 02 July 2022 - 09:00:01 IST
Saturday, 02 July 2022 - 09:30:01 IST
Saturday, 02 July 2022 - 10:00:01 IST
Saturday, 02 July 2022 - 10:30:01 IST
Saturday, 02 July 2022 - 11:00:01 IST
Saturday, 02 July 2022 - 11:30:01 IST
Saturday, 02 July 2022 - 12:00:01 IST
Saturday, 02 July 2022 - 12:30:01 IST
Saturday, 02 July 2022 - 13:00:01 IST
Saturday, 02 July 2022 - 13:30:01 IST
Saturday, 02 July 2022 - 14:00:01 IST
Saturday, 02 July 2022 - 14:30:01 IST
Saturday, 02 July 2022 - 15:00:01 IST
Saturday, 02 July 2022 - 15:30:01 IST
Saturday, 02 July 2022 - 16:00:01 IST
Saturday, 02 July 2022 - 16:30:01 IST
Saturday, 02 July 2022 - 17:00:01 IST
Saturday, 02 July 2022 - 17:30:01 IST
Saturday, 02 July 2022 - 18:00:01 IST
Saturday, 02 July 2022 - 18:30:01 IST
Saturday, 02 July 2022 - 19:00:01 IST
Saturday, 02 July 2022 - 19:30:01 IST
Saturday, 02 July 2022 - 20:00:01 IST
Saturday, 02 July 2022 - 20:30:01 IST
Saturday, 02 July 2022 - 21:00:01 IST
Saturday, 02 July 2022 - 21:30:01 IST
Saturday, 02 July 2022 - 22:00:01 IST
Saturday, 02 July 2022 - 22:30:01 IST
Saturday, 02 July 2022 - 23:00:01 IST
Saturday, 02 July 2022 - 23:30:01 IST
Sunday, 03 July 2022 - 00:00:01 IST
Sunday, 03 July 2022 - 00:30:01 IST
Sunday, 03 July 2022 - 01:00:01 IST
Sunday, 03 July 2022 - 01:30:01 IST
Sunday, 03 July 2022 - 02:00:01 IST
Sunday, 03 July 2022 - 02:30:01 IST
Sunday, 03 July 2022 - 03:00:01 IST
Sunday, 03 July 2022 - 03:30:01 IST
Sunday, 03 July 2022 - 04:00:01 IST
Sunday, 03 July 2022 - 04:30:01 IST
Sunday, 03 July 2022 - 05:00:01 IST
Sunday, 03 July 2022 - 05:30:01 IST
Sunday, 03 July 2022 - 06:00:01 IST
Sunday, 03 July 2022 - 06:30:01 IST
Sunday, 03 July 2022 - 07:00:01 IST
Sunday, 03 July 2022 - 07:30:01 IST
Sunday, 03 July 2022 - 08:00:01 IST
Sunday, 03 July 2022 - 08:30:01 IST
Sunday, 03 July 2022 - 09:00:01 IST
Sunday, 03 July 2022 - 09:30:01 IST
Sunday, 03 July 2022 - 10:00:01 IST
Sunday, 03 July 2022 - 10:30:01 IST
Sunday, 03 July 2022 - 11:00:01 IST
Sunday, 03 July 2022 - 11:30:01 IST
Sunday, 03 July 2022 - 12:00:01 IST
Sunday, 03 July 2022 - 12:30:01 IST
Sunday, 03 July 2022 - 13:00:01 IST
Sunday, 03 July 2022 - 13:30:01 IST
Sunday, 03 July 2022 - 14:00:01 IST
Sunday, 03 July 2022 - 14:30:01 IST
Sunday, 03 July 2022 - 15:00:01 IST
Sunday, 03 July 2022 - 15:30:01 IST
Sunday, 03 July 2022 - 16:00:01 IST
Sunday, 03 July 2022 - 16:30:01 IST
Sunday, 03 July 2022 - 17:00:01 IST
Sunday, 03 July 2022 - 17:30:01 IST
Sunday, 03 July 2022 - 18:00:01 IST
Sunday, 03 July 2022 - 18:30:01 IST
Sunday, 03 July 2022 - 19:00:01 IST
Sunday, 03 July 2022 - 19:30:01 IST
Sunday, 03 July 2022 - 20:00:01 IST
Sunday, 03 July 2022 - 20:30:01 IST
Sunday, 03 July 2022 - 21:00:01 IST
Sunday, 03 July 2022 - 21:30:01 IST
Sunday, 03 July 2022 - 22:00:01 IST
Sunday, 03 July 2022 - 22:30:01 IST
Sunday, 03 July 2022 - 23:00:01 IST
Sunday, 03 July 2022 - 23:30:01 IST
Monday, 04 July 2022 - 00:00:01 IST
Monday, 04 July 2022 - 00:30:01 IST
Monday, 04 July 2022 - 01:00:02 IST
Monday, 04 July 2022 - 01:30:01 IST
Monday, 04 July 2022 - 02:00:01 IST
Monday, 04 July 2022 - 02:30:01 IST
Monday, 04 July 2022 - 03:00:01 IST
Monday, 04 July 2022 - 03:30:01 IST
Monday, 04 July 2022 - 04:00:01 IST
Monday, 04 July 2022 - 04:30:01 IST
Monday, 04 July 2022 - 05:00:01 IST
Monday, 04 July 2022 - 05:30:01 IST
Monday, 04 July 2022 - 06:00:01 IST
Monday, 04 July 2022 - 06:30:01 IST
Monday, 04 July 2022 - 07:00:01 IST
Monday, 04 July 2022 - 07:30:01 IST
Monday, 04 July 2022 - 08:00:01 IST
Monday, 04 July 2022 - 08:30:01 IST
Monday, 04 July 2022 - 09:00:01 IST
Monday, 04 July 2022 - 09:30:01 IST
Monday, 04 July 2022 - 10:00:01 IST
Monday, 04 July 2022 - 10:30:01 IST
Monday, 04 July 2022 - 11:00:01 IST
Monday, 04 July 2022 - 11:30:01 IST
Monday, 04 July 2022 - 12:00:01 IST
Monday, 04 July 2022 - 12:30:01 IST
Monday, 04 July 2022 - 13:00:01 IST
Monday, 04 July 2022 - 13:30:01 IST
Monday, 04 July 2022 - 14:00:01 IST
Monday, 04 July 2022 - 14:30:01 IST
Monday, 04 July 2022 - 15:00:01 IST
Monday, 04 July 2022 - 15:30:01 IST
Monday, 04 July 2022 - 16:00:01 IST
Monday, 04 July 2022 - 16:30:01 IST
Monday, 04 July 2022 - 17:00:01 IST
Monday, 04 July 2022 - 17:30:01 IST
Monday, 04 July 2022 - 18:00:01 IST
Monday, 04 July 2022 - 18:30:01 IST
Monday, 04 July 2022 - 19:00:01 IST
Monday, 04 July 2022 - 19:30:01 IST
Monday, 04 July 2022 - 20:00:01 IST
Monday, 04 July 2022 - 20:30:01 IST
Monday, 04 July 2022 - 21:00:01 IST
Monday, 04 July 2022 - 21:30:01 IST
Monday, 04 July 2022 - 22:00:01 IST
Monday, 04 July 2022 - 22:30:01 IST
Monday, 04 July 2022 - 23:00:01 IST
Monday, 04 July 2022 - 23:30:01 IST
Tuesday, 05 July 2022 - 00:00:01 IST
Tuesday, 05 July 2022 - 00:30:01 IST
Tuesday, 05 July 2022 - 01:00:01 IST
Tuesday, 05 July 2022 - 01:30:01 IST
Tuesday, 05 July 2022 - 02:00:01 IST
Tuesday, 05 July 2022 - 02:30:01 IST
Tuesday, 05 July 2022 - 03:00:01 IST
Tuesday, 05 July 2022 - 03:30:01 IST
Tuesday, 05 July 2022 - 04:00:01 IST
Tuesday, 05 July 2022 - 04:30:01 IST
Tuesday, 05 July 2022 - 05:00:01 IST
Tuesday, 05 July 2022 - 05:30:01 IST
Tuesday, 05 July 2022 - 06:00:01 IST
Tuesday, 05 July 2022 - 06:30:01 IST
Tuesday, 05 July 2022 - 07:00:01 IST
Tuesday, 05 July 2022 - 07:30:01 IST
Tuesday, 05 July 2022 - 08:00:01 IST
Tuesday, 05 July 2022 - 08:30:01 IST
Tuesday, 05 July 2022 - 09:00:01 IST
Tuesday, 05 July 2022 - 09:30:01 IST
Tuesday, 05 July 2022 - 10:00:01 IST
Tuesday, 05 July 2022 - 10:30:01 IST
Tuesday, 05 July 2022 - 11:00:01 IST
Tuesday, 05 July 2022 - 11:30:01 IST
Tuesday, 05 July 2022 - 12:00:01 IST
Tuesday, 05 July 2022 - 12:30:01 IST
Tuesday, 05 July 2022 - 13:00:01 IST
Tuesday, 05 July 2022 - 13:30:01 IST
Tuesday, 05 July 2022 - 14:00:01 IST
Tuesday, 05 July 2022 - 14:30:01 IST
Tuesday, 05 July 2022 - 15:00:01 IST
Tuesday, 05 July 2022 - 15:30:01 IST
Tuesday, 05 July 2022 - 16:00:01 IST
Tuesday, 05 July 2022 - 16:30:01 IST
Tuesday, 05 July 2022 - 17:00:01 IST
Tuesday, 05 July 2022 - 17:30:01 IST
Tuesday, 05 July 2022 - 18:00:01 IST
Tuesday, 05 July 2022 - 18:30:01 IST
Tuesday, 05 July 2022 - 19:00:02 IST
Tuesday, 05 July 2022 - 19:30:01 IST
Tuesday, 05 July 2022 - 20:00:01 IST
Tuesday, 05 July 2022 - 20:30:01 IST
Tuesday, 05 July 2022 - 21:00:01 IST
Tuesday, 05 July 2022 - 21:30:01 IST
Tuesday, 05 July 2022 - 22:00:01 IST
Tuesday, 05 July 2022 - 22:30:01 IST
Tuesday, 05 July 2022 - 23:00:01 IST
Tuesday, 05 July 2022 - 23:30:01 IST
Wednesday, 06 July 2022 - 00:00:01 IST
Wednesday, 06 July 2022 - 00:30:01 IST
Wednesday, 06 July 2022 - 01:00:01 IST
Wednesday, 06 July 2022 - 01:30:01 IST
Wednesday, 06 July 2022 - 02:00:01 IST
Wednesday, 06 July 2022 - 02:30:01 IST
Wednesday, 06 July 2022 - 03:00:01 IST
Wednesday, 06 July 2022 - 03:30:01 IST
Wednesday, 06 July 2022 - 04:00:01 IST
Wednesday, 06 July 2022 - 04:30:01 IST
Wednesday, 06 July 2022 - 05:00:01 IST
Wednesday, 06 July 2022 - 05:30:01 IST
Wednesday, 06 July 2022 - 06:00:01 IST
Wednesday, 06 July 2022 - 06:30:01 IST
Wednesday, 06 July 2022 - 07:00:01 IST
Wednesday, 06 July 2022 - 07:30:01 IST
Wednesday, 06 July 2022 - 08:00:01 IST
Wednesday, 06 July 2022 - 08:30:01 IST
Wednesday, 06 July 2022 - 09:00:01 IST
Wednesday, 06 July 2022 - 09:30:01 IST
Wednesday, 06 July 2022 - 10:00:01 IST
Wednesday, 06 July 2022 - 10:30:01 IST
Wednesday, 06 July 2022 - 11:00:01 IST
Wednesday, 06 July 2022 - 11:30:01 IST
Wednesday, 06 July 2022 - 12:00:01 IST
Wednesday, 06 July 2022 - 12:30:01 IST
Wednesday, 06 July 2022 - 13:00:01 IST
Wednesday, 06 July 2022 - 13:30:01 IST
Wednesday, 06 July 2022 - 14:00:01 IST
Wednesday, 06 July 2022 - 14:30:01 IST
Wednesday, 06 July 2022 - 15:00:01 IST
Wednesday, 06 July 2022 - 15:30:01 IST
Wednesday, 06 July 2022 - 16:00:01 IST
Wednesday, 06 July 2022 - 16:30:01 IST
Wednesday, 06 July 2022 - 17:00:01 IST
Wednesday, 06 July 2022 - 17:30:01 IST
Wednesday, 06 July 2022 - 18:00:01 IST
Wednesday, 06 July 2022 - 18:30:01 IST
Wednesday, 06 July 2022 - 19:00:01 IST
Wednesday, 06 July 2022 - 19:30:01 IST
Wednesday, 06 July 2022 - 20:00:01 IST
Wednesday, 06 July 2022 - 20:30:01 IST
